2025-12-08T20:39:44-05:00 [INFO] (codacy-cli-v2/cli-v2.go:27) Starting Codacy CLI version=1.0.0-main.359.sha.fd2d067 (fd2d067) built at 2025-10-17T08:46:35Z
2025-12-08T20:39:44-05:00 [INFO] (codacy-cli-v2/cmd/root.go:34) Executing CLI command command=init full_command=[/home/daddyai/.cache/codacy/codacy-cli-v2/1.0.0-main.359.sha.fd2d067/codacy-cli-v2 init --provider gh --organization non-relating --repository Sunrise-Screening --api-token ***] args=[]
2025-12-08T20:55:14-05:00 [INFO] (codacy-cli-v2/cli-v2.go:27) Starting Codacy CLI version=1.0.0-main.359.sha.fd2d067 (fd2d067) built at 2025-10-17T08:46:35Z
2025-12-08T20:55:14-05:00 [INFO] (codacy-cli-v2/cli-v2.go:55) No configuration file was found, execute init command first.
2025-12-08T20:57:52-05:00 [INFO] (codacy-cli-v2/cli-v2.go:27) Starting Codacy CLI version=1.0.0-main.359.sha.fd2d067 (fd2d067) built at 2025-10-17T08:46:35Z
2025-12-08T20:57:52-05:00 [INFO] (codacy-cli-v2/cmd/root.go:34) Executing CLI command full_command=[/home/daddyai/.cache/codacy/codacy-cli-v2/1.0.0-main.359.sha.fd2d067/codacy-cli-v2 init --provider gh --organization non-relating --repository Sunrise-Screening --api-token ***] args=[] command=init
2025-12-09T13:06:49-05:00 [INFO] (codacy-cli-v2/cli-v2.go:27) Starting Codacy CLI version=1.0.0-main.359.sha.fd2d067 (fd2d067) built at 2025-10-17T08:46:35Z
2025-12-09T13:06:49-05:00 [INFO] (codacy-cli-v2/cmd/root.go:34) Executing CLI command full_command=[/home/daddyai/.cache/codacy/codacy-cli-v2/1.0.0-main.359.sha.fd2d067/codacy-cli-v2 init --provider gh --organization non-relating --repository Sunrise-Screening --api-token ***] args=[] command=init
2025-12-09T13:06:56-05:00 [INFO] (codacy-cli-v2/cli-v2.go:27) Starting Codacy CLI version=1.0.0-main.359.sha.fd2d067 (fd2d067) built at 2025-10-17T08:46:35Z
2025-12-09T13:06:56-05:00 [INFO] (codacy-cli-v2/cmd/root.go:34) Executing CLI command command=init full_command=[/home/daddyai/.cache/codacy/codacy-cli-v2/1.0.0-main.359.sha.fd2d067/codacy-cli-v2 init --provider gh --organization non-relating --repository Sunrise-Screening --api-token ***] args=[]
2025-12-09T13:28:51-05:00 [INFO] (codacy-cli-v2/cli-v2.go:27) Starting Codacy CLI version=1.0.0-main.359.sha.fd2d067 (fd2d067) built at 2025-10-17T08:46:35Z
2025-12-09T13:28:51-05:00 [INFO] (codacy-cli-v2/cmd/root.go:34) Executing CLI command command=init full_command=[/home/daddyai/.cache/codacy/codacy-cli-v2/1.0.0-main.359.sha.fd2d067/codacy-cli-v2 init --provider gh --organization non-relating --repository Sunrise-Screening --api-token ***] args=[]
2025-12-09T13:59:32-05:00 [INFO] (codacy-cli-v2/cli-v2.go:27) Starting Codacy CLI version=1.0.0-main.359.sha.fd2d067 (fd2d067) built at 2025-10-17T08:46:35Z
2025-12-09T13:59:32-05:00 [INFO] (codacy-cli-v2/cmd/root.go:34) Executing CLI command command=init full_command=[/home/daddyai/.cache/codacy/codacy-cli-v2/1.0.0-main.359.sha.fd2d067/codacy-cli-v2 init --provider gh --organization non-relating --repository Sunrise-Screening --api-token ***] args=[]
2025-12-09T14:00:08-05:00 [INFO] (codacy-cli-v2/cli-v2.go:27) Starting Codacy CLI version=1.0.0-main.359.sha.fd2d067 (fd2d067) built at 2025-10-17T08:46:35Z
2025-12-09T14:00:08-05:00 [INFO] (codacy-cli-v2/cmd/root.go:34) Executing CLI command command=init full_command=[/home/daddyai/.cache/codacy/codacy-cli-v2/1.0.0-main.359.sha.fd2d067/codacy-cli-v2 init --provider gh --organization non-relating --repository Sunrise-Screening --api-token ***] args=[]
2025-12-09T14:04:54-05:00 [INFO] (codacy-cli-v2/cli-v2.go:27) Starting Codacy CLI version=1.0.0-main.359.sha.fd2d067 (fd2d067) built at 2025-10-17T08:46:35Z
2025-12-09T14:04:54-05:00 [INFO] (codacy-cli-v2/cli-v2.go:55) No configuration file was found, execute init command first.
2025-12-09T14:07:12-05:00 [INFO] (codacy-cli-v2/cli-v2.go:27) Starting Codacy CLI version=1.0.0-main.359.sha.fd2d067 (fd2d067) built at 2025-10-17T08:46:35Z
2025-12-09T14:07:12-05:00 [INFO] (codacy-cli-v2/cmd/root.go:34) Executing CLI command command=init full_command=[/home/daddyai/.cache/codacy/codacy-cli-v2/1.0.0-main.359.sha.fd2d067/codacy-cli-v2 init --provider gh --organization non-relating --repository Sunrise-Screening --api-token ***] args=[]
2025-12-09T14:07:19-05:00 [INFO] (codacy-cli-v2/cli-v2.go:27) Starting Codacy CLI version=1.0.0-main.359.sha.fd2d067 (fd2d067) built at 2025-10-17T08:46:35Z
2025-12-09T14:07:19-05:00 [INFO] (codacy-cli-v2/cmd/root.go:34) Executing CLI command args=[] command=init full_command=[/home/daddyai/.cache/codacy/codacy-cli-v2/1.0.0-main.359.sha.fd2d067/codacy-cli-v2 init --provider gh --organization non-relating --repository Sunrise-Screening --api-token ***]
